<?xml version="1.0" encoding="UTF-8"?>
<!-- Generated by org.testng.reporters.JUnitReportReporter -->
<testsuite hostname="CFS-LP-0009" failures="0" tests="2" name="com.test.Lambda.LambdaTestInitializer" time="74.286" errors="0" timestamp="2023-02-15T13:15:14 IST" skipped="0">
  <testcase classname="com.test.Lambda.LambdaTestInitializer" name="TestRuns" time="30.810"/>
  <system-out/>
  <testcase classname="com.test.Lambda.LambdaTestInitializer" name="TestRuns" time="43.476"/>
  <system-out/>
</testsuite> <!-- com.test.Lambda.LambdaTestInitializer -->
