<?xml version="1.0" encoding="UTF-8"?>
<!-- Generated by org.testng.reporters.JUnitReportReporter -->
<testsuite hostname="CFS-LP-0009" failures="0" tests="2" name="com.test.Lambda.LambdaTestInitializer" time="53.045" errors="0" timestamp="2023-02-03T15:54:35 IST" skipped="0">
  <testcase classname="com.test.Lambda.LambdaTestInitializer" name="TestRuns" time="27.451"/>
  <system-out/>
  <testcase classname="com.test.Lambda.LambdaTestInitializer" name="TestRuns" time="25.594"/>
  <system-out/>
</testsuite> <!-- com.test.Lambda.LambdaTestInitializer -->
